TN:
SF:/Users/Bob/Desktop/bobthedeveloper/client/components/Home.vue
FNF:0
FNH:0
DA:11,1
LF:1
LH:1
BRF:0
BRH:0
end_of_record
TN:
SF:/Users/Bob/Desktop/bobthedeveloper/client/components/Team.vue
FN:43,(anonymous_0)
FN:47,(anonymous_1)
FNF:2
FNH:1
FNDA:0,(anonymous_0)
FNDA:4,(anonymous_1)
DA:18,4
DA:44,0
DA:48,4
LF:3
LH:2
BRF:0
BRH:0
end_of_record
TN:
SF:/Users/Bob/Desktop/bobthedeveloper/client/components/Upload.vue
FN:21,(anonymous_0)
FN:29,(anonymous_1)
FN:36,(anonymous_2)
FNF:3
FNH:2
FNDA:1,(anonymous_0)
FNDA:1,(anonymous_1)
FNDA:0,(anonymous_2)
DA:17,1
DA:22,1
DA:30,1
DA:31,1
DA:32,1
DA:37,0
LF:6
LH:5
BRF:0
BRH:0
end_of_record
TN:
SF:/Users/Bob/Desktop/bobthedeveloper/client/App.vue
FNF:0
FNH:0
LF:0
LH:0
BRF:0
BRH:0
end_of_record
